[debug] [2022-05-11T13:58:11.394Z] ----------------------------------------------------------------------
[debug] [2022-05-11T13:58:11.395Z] Command:       C:\Program Files\nodejs\node.exe C:\Users\asama\AppData\Roaming\npm\node_modules\firebase-tools\lib\bin\firebase.js emulators:start
[debug] [2022-05-11T13:58:11.396Z] CLI Version:   10.8.0
[debug] [2022-05-11T13:58:11.396Z] Platform:      win32
[debug] [2022-05-11T13:58:11.396Z] Node Version:  v16.15.0
[debug] [2022-05-11T13:58:11.397Z] Time:          Wed May 11 2022 14:58:11 GMT+0100 (British Summer Time)
[debug] [2022-05-11T13:58:11.397Z] ----------------------------------------------------------------------
[debug] 
[debug] [2022-05-11T13:58:11.399Z] >>> [apiv2][query] GET https://firebase-public.firebaseio.com/cli.json [none]
[debug] [2022-05-11T13:58:11.479Z] > command requires scopes: ["email","openid","https://www.googleapis.com/auth/cloudplatformprojects.readonly","https://www.googleapis.com/auth/firebase","https://www.googleapis.com/auth/cloud-platform"]
[debug] [2022-05-11T13:58:11.479Z] > authorizing via signed-in user (nextstepproject2022@gmail.com)
[debug] [2022-05-11T13:58:11.591Z] java version "1.8.0_333"
Java(TM) SE Runtime Environment (build 1.8.0_333-b02)

[debug] [2022-05-11T13:58:11.592Z] Java HotSpot(TM) Client VM (build 25.333-b02, mixed mode)

[debug] [2022-05-11T13:58:11.596Z] Parsed Java major version: 1
[warn] !  emulators: Support for Java version <= 10 will be dropped soon in firebase-tools@11. Please upgrade to Java version 11 or above to continue using the emulators. 
[info] i  emulators: Starting emulators: auth, firestore {"metadata":{"emulator":{"name":"hub"},"message":"Starting emulators: auth, firestore"}}
[warn] !  emulators: It seems that you are running multiple instances of the emulator suite for project next-step-22. This may result in unexpected behavior. 
[debug] [2022-05-11T13:58:11.606Z] [hub] writing locator at C:\Users\asama\AppData\Local\Temp\hub-next-step-22.json
[debug] [2022-05-11T13:58:11.623Z] Ignoring unsupported arg: projectId {"metadata":{"emulator":{"name":"firestore"},"message":"Ignoring unsupported arg: projectId"}}
[debug] [2022-05-11T13:58:11.623Z] Ignoring unsupported arg: auto_download {"metadata":{"emulator":{"name":"firestore"},"message":"Ignoring unsupported arg: auto_download"}}
[debug] [2022-05-11T13:58:11.624Z] Starting Firestore Emulator with command {"binary":"java","args":["-Dgoogle.cloud_firestore.debug_log_level=FINE","-Duser.language=en","-jar","C:\\Users\\asama\\.cache\\firebase\\emulators\\cloud-firestore-emulator-v1.14.3.jar","--host","localhost","--port",8080,"--rules","C:\\Users\\asama\\Desktop\\Next-Step\\firestore.rules"],"optionalArgs":["port","webchannel_port","host","rules","functions_emulator","seed_from_export"],"joinArgs":false} {"metadata":{"emulator":{"name":"firestore"},"message":"Starting Firestore Emulator with command {\"binary\":\"java\",\"args\":[\"-Dgoogle.cloud_firestore.debug_log_level=FINE\",\"-Duser.language=en\",\"-jar\",\"C:\\\\Users\\\\asama\\\\.cache\\\\firebase\\\\emulators\\\\cloud-firestore-emulator-v1.14.3.jar\",\"--host\",\"localhost\",\"--port\",8080,\"--rules\",\"C:\\\\Users\\\\asama\\\\Desktop\\\\Next-Step\\\\firestore.rules\"],\"optionalArgs\":[\"port\",\"webchannel_port\",\"host\",\"rules\",\"functions_emulator\",\"seed_from_export\"],\"joinArgs\":false}"}}
[info] i  firestore: Firestore Emulator logging to firestore-debug.log {"metadata":{"emulator":{"name":"firestore"},"message":"Firestore Emulator logging to \u001b[1mfirestore-debug.log\u001b[22m"}}
[debug] [2022-05-11T13:58:11.814Z] <<< [apiv2][status] GET https://firebase-public.firebaseio.com/cli.json 200
[debug] [2022-05-11T13:58:11.814Z] <<< [apiv2][body] GET https://firebase-public.firebaseio.com/cli.json {"cloudBuildErrorAfter":1594252800000,"cloudBuildWarnAfter":1590019200000,"defaultNode10After":1594252800000,"minVersion":"3.0.5","node8DeploysDisabledAfter":1613390400000,"node8RuntimeDisabledAfter":1615809600000,"node8WarnAfter":1600128000000}
[debug] [2022-05-11T13:58:14.436Z] May 11, 2022 2:58:14 PM com.google.cloud.datastore.emulator.firestore.websocket.WebSocketServer start
INFO: Started WebSocket server on ws://localhost:62662
 {"metadata":{"emulator":{"name":"firestore"},"message":"May 11, 2022 2:58:14 PM com.google.cloud.datastore.emulator.firestore.websocket.WebSocketServer start\r\nINFO: Started WebSocket server on ws://localhost:62662\r\n"}}
[debug] [2022-05-11T13:58:14.479Z] API endpoint: http://localhost:8080
If you are using a library that supports the FIRESTORE_EMULATOR_HOST environment variable, run:
 {"metadata":{"emulator":{"name":"firestore"},"message":"API endpoint: http://localhost:8080\nIf you are using a library that supports the FIRESTORE_EMULATOR_HOST environment variable, run:\r\n"}}
[debug] [2022-05-11T13:58:14.480Z] 
   export FIRESTORE_EMULATOR_HOST=localhost:8080

Dev App Server is now running.

 {"metadata":{"emulator":{"name":"firestore"},"message":"\n   export FIRESTORE_EMULATOR_HOST=localhost:8080\n\nDev App Server is now running.\n\r\n"}}
[debug] [2022-05-11T13:58:20.274Z] Ignoring unsupported arg: auto_download {"metadata":{"emulator":{"name":"ui"},"message":"Ignoring unsupported arg: auto_download"}}
[debug] [2022-05-11T13:58:20.274Z] Ignoring unsupported arg: port {"metadata":{"emulator":{"name":"ui"},"message":"Ignoring unsupported arg: port"}}
[debug] [2022-05-11T13:58:20.274Z] Starting Emulator UI with command {"binary":"node","args":["C:\\Users\\asama\\.cache\\firebase\\emulators\\ui-v1.6.6\\server.bundle.js"],"optionalArgs":[],"joinArgs":false} {"metadata":{"emulator":{"name":"ui"},"message":"Starting Emulator UI with command {\"binary\":\"node\",\"args\":[\"C:\\\\Users\\\\asama\\\\.cache\\\\firebase\\\\emulators\\\\ui-v1.6.6\\\\server.bundle.js\"],\"optionalArgs\":[],\"joinArgs\":false}"}}
[info] i  ui: Emulator UI logging to ui-debug.log {"metadata":{"emulator":{"name":"ui"},"message":"Emulator UI logging to \u001b[1mui-debug.log\u001b[22m"}}
[debug] [2022-05-11T13:58:20.386Z] Web / API server started at localhost:4000
 {"metadata":{"emulator":{"name":"ui"},"message":"Web / API server started at localhost:4000\n"}}
[info] 
┌─────────────────────────────────────────────────────────────┐
│ ✔  All emulators ready! It is now safe to connect your app. │
│ i  View Emulator UI at http://localhost:4000                │
└─────────────────────────────────────────────────────────────┘

┌────────────────┬────────────────┬─────────────────────────────────┐
│ Emulator       │ Host:Port      │ View in Emulator UI             │
├────────────────┼────────────────┼─────────────────────────────────┤
│ Authentication │ localhost:9099 │ http://localhost:4000/auth      │
├────────────────┼────────────────┼─────────────────────────────────┤
│ Firestore      │ localhost:8080 │ http://localhost:4000/firestore │
└────────────────┴────────────────┴─────────────────────────────────┘
  Emulator Hub running at localhost:4400
  Other reserved ports: 4500

Issues? Report them at https://github.com/firebase/firebase-tools/issues and attach the *-debug.log files.
 
[warn] !  emulators: Support for Java version <= 10 will be dropped soon in firebase-tools@11. Please upgrade to Java version 11 or above to continue using the emulators. 
[warn] !  Error: Internal state invariant broken: no user with ID: WJoyf2BVpuGO9R6bK4lV6XyltioV
    at AgentProjectState.getUserByLocalIdAssertingExists (C:\Users\asama\AppData\Roaming\npm\node_modules\firebase-tools\lib\emulator\auth\state.js:208:19)
    at AgentProjectState.validateRefreshToken (C:\Users\asama\AppData\Roaming\npm\node_modules\firebase-tools\lib\emulator\auth\state.js:295:24)
    at grantToken (C:\Users\asama\AppData\Roaming\npm\node_modules\firebase-tools\lib\emulator\auth\operations.js:1212:38)
    at Proxy.<anonymous> (C:\Users\asama\AppData\Roaming\npm\node_modules\firebase-tools\lib\emulator\auth\server.js:375:20)
    at C:\Users\asama\AppData\Roaming\npm\node_modules\firebase-tools\node_modules\promise-breaker\index.js:265:46
    at processTicksAndRejections (node:internal/process/task_queues:96:5) {"metadata":{"emulator":{"name":"auth"},"message":"Error: Internal state invariant broken: no user with ID: WJoyf2BVpuGO9R6bK4lV6XyltioV\n    at AgentProjectState.getUserByLocalIdAssertingExists (C:\\Users\\asama\\AppData\\Roaming\\npm\\node_modules\\firebase-tools\\lib\\emulator\\auth\\state.js:208:19)\n    at AgentProjectState.validateRefreshToken (C:\\Users\\asama\\AppData\\Roaming\\npm\\node_modules\\firebase-tools\\lib\\emulator\\auth\\state.js:295:24)\n    at grantToken (C:\\Users\\asama\\AppData\\Roaming\\npm\\node_modules\\firebase-tools\\lib\\emulator\\auth\\operations.js:1212:38)\n    at Proxy.<anonymous> (C:\\Users\\asama\\AppData\\Roaming\\npm\\node_modules\\firebase-tools\\lib\\emulator\\auth\\server.js:375:20)\n    at C:\\Users\\asama\\AppData\\Roaming\\npm\\node_modules\\firebase-tools\\node_modules\\promise-breaker\\index.js:265:46\n    at processTicksAndRejections (node:internal/process/task_queues:96:5)"}}
[debug] [2022-05-11T13:59:02.469Z] May 11, 2022 2:59:02 PM io.gapi.emulators.netty.HttpVersionRoutingHandler channelRead
INFO: Detected non-HTTP/2 connection.
 {"metadata":{"emulator":{"name":"firestore"},"message":"May 11, 2022 2:59:02 PM io.gapi.emulators.netty.HttpVersionRoutingHandler channelRead\r\nINFO: Detected non-HTTP/2 connection.\r\n"}}
[debug] [2022-05-11T13:59:02.838Z] May 11, 2022 2:59:02 PM com.google.cloud.datastore.emulator.firestore.websocket.WebSocketChannelHandler initChannel
INFO: Connected to new websocket client
 {"metadata":{"emulator":{"name":"firestore"},"message":"May 11, 2022 2:59:02 PM com.google.cloud.datastore.emulator.firestore.websocket.WebSocketChannelHandler initChannel\r\nINFO: Connected to new websocket client\r\n"}}
[debug] [2022-05-11T13:59:59.694Z] May 11, 2022 2:59:59 PM io.gapi.emulators.netty.HttpVersionRoutingHandler channelRead
INFO: Detected non-HTTP/2 connection.
 {"metadata":{"emulator":{"name":"firestore"},"message":"May 11, 2022 2:59:59 PM io.gapi.emulators.netty.HttpVersionRoutingHandler channelRead\r\nINFO: Detected non-HTTP/2 connection.\r\n"}}
[debug] [2022-05-11T14:00:00.836Z] May 11, 2022 3:00:00 PM com.google.cloud.datastore.emulator.firestore.websocket.WebSocketChannelHandler channelClosed
INFO: Websocket client disconnected
 {"metadata":{"emulator":{"name":"firestore"},"message":"May 11, 2022 3:00:00 PM com.google.cloud.datastore.emulator.firestore.websocket.WebSocketChannelHandler channelClosed\r\nINFO: Websocket client disconnected\r\n"}}
[debug] [2022-05-11T14:00:00.943Z] May 11, 2022 3:00:00 PM io.gapi.emulators.netty.HttpVersionRoutingHandler channelRead
INFO: Detected non-HTTP/2 connection.
 {"metadata":{"emulator":{"name":"firestore"},"message":"May 11, 2022 3:00:00 PM io.gapi.emulators.netty.HttpVersionRoutingHandler channelRead\r\nINFO: Detected non-HTTP/2 connection.\r\n"}}
[debug] [2022-05-11T14:00:01.265Z] May 11, 2022 3:00:01 PM com.google.cloud.datastore.emulator.firestore.websocket.WebSocketChannelHandler initChannel
INFO: Connected to new websocket client
 {"metadata":{"emulator":{"name":"firestore"},"message":"May 11, 2022 3:00:01 PM com.google.cloud.datastore.emulator.firestore.websocket.WebSocketChannelHandler initChannel\r\nINFO: Connected to new websocket client\r\n"}}
[debug] [2022-05-11T14:00:29.400Z] May 11, 2022 3:00:29 PM io.gapi.emulators.netty.HttpVersionRoutingHandler channelRead
INFO: Detected non-HTTP/2 connection.
 {"metadata":{"emulator":{"name":"firestore"},"message":"May 11, 2022 3:00:29 PM io.gapi.emulators.netty.HttpVersionRoutingHandler channelRead\r\nINFO: Detected non-HTTP/2 connection.\r\n"}}
[debug] [2022-05-11T14:00:31.423Z] May 11, 2022 3:00:31 PM io.gapi.emulators.netty.HttpVersionRoutingHandler channelRead
INFO: Detected non-HTTP/2 connection.
 {"metadata":{"emulator":{"name":"firestore"},"message":"May 11, 2022 3:00:31 PM io.gapi.emulators.netty.HttpVersionRoutingHandler channelRead\r\nINFO: Detected non-HTTP/2 connection.\r\n"}}
[debug] [2022-05-11T14:00:33.453Z] May 11, 2022 3:00:33 PM io.gapi.emulators.netty.HttpVersionRoutingHandler channelRead
INFO: Detected non-HTTP/2 connection.
 {"metadata":{"emulator":{"name":"firestore"},"message":"May 11, 2022 3:00:33 PM io.gapi.emulators.netty.HttpVersionRoutingHandler channelRead\r\nINFO: Detected non-HTTP/2 connection.\r\n"}}
[debug] [2022-05-11T14:00:35.476Z] May 11, 2022 3:00:35 PM io.gapi.emulators.netty.HttpVersionRoutingHandler channelRead
INFO: Detected non-HTTP/2 connection.
 {"metadata":{"emulator":{"name":"firestore"},"message":"May 11, 2022 3:00:35 PM io.gapi.emulators.netty.HttpVersionRoutingHandler channelRead\r\nINFO: Detected non-HTTP/2 connection.\r\n"}}
[debug] [2022-05-11T14:00:37.502Z] May 11, 2022 3:00:37 PM io.gapi.emulators.netty.HttpVersionRoutingHandler channelRead
INFO: Detected non-HTTP/2 connection.
 {"metadata":{"emulator":{"name":"firestore"},"message":"May 11, 2022 3:00:37 PM io.gapi.emulators.netty.HttpVersionRoutingHandler channelRead\r\nINFO: Detected non-HTTP/2 connection.\r\n"}}
[debug] [2022-05-11T14:00:39.527Z] May 11, 2022 3:00:39 PM io.gapi.emulators.netty.HttpVersionRoutingHandler channelRead
INFO: Detected non-HTTP/2 connection.
 {"metadata":{"emulator":{"name":"firestore"},"message":"May 11, 2022 3:00:39 PM io.gapi.emulators.netty.HttpVersionRoutingHandler channelRead\r\nINFO: Detected non-HTTP/2 connection.\r\n"}}
[debug] [2022-05-11T14:00:40.991Z] May 11, 2022 3:00:40 PM com.google.cloud.datastore.emulator.firestore.websocket.WebSocketChannelHandler channelClosed
INFO: Websocket client disconnected
 {"metadata":{"emulator":{"name":"firestore"},"message":"May 11, 2022 3:00:40 PM com.google.cloud.datastore.emulator.firestore.websocket.WebSocketChannelHandler channelClosed\r\nINFO: Websocket client disconnected\r\n"}}
[debug] [2022-05-11T22:11:12.265Z] Received signal SIGHUP 1
